#
# There is insufficient memory for the Java Runtime Environment to continue.
# Native memory allocation (mmap) failed to map 81788928 bytes for committing reserved memory.
# Possible reasons:
#   The system is out of physical RAM or swap space
#   In 32 bit mode, the process size limit was hit
# Possible solutions:
#   Reduce memory load on the system
#   Increase physical memory or swap space
#   Check if swap backing store is full
#   Use 64 bit Java on a 64 bit OS
#   Decrease Java heap size (-Xmx/-Xms)
#   Decrease number of Java threads
#   Decrease Java thread stack sizes (-Xss)
#   Set larger code cache with -XX:ReservedCodeCacheSize=
# This output file may be truncated or incomplete.
#
#  Out of Memory Error (os_linux.cpp:2673), pid=18672, tid=140212231075584
#
# JRE version: Java(TM) SE Runtime Environment (8.0_40-b25) (build 1.8.0_40-b25)
# Java VM: Java HotSpot(TM) 64-Bit Server VM (25.40-b25 mixed mode linux-amd64 compressed oops)
# Failed to write core dump. Core dumps have been disabled. To enable core dumping, try "ulimit -c unlimited" before starting Java again
#

---------------  T H R E A D  ---------------

Current thread (0x00007f85c8077800):  VMThread [stack: 0x00007f85b429f000,0x00007f85b43a0000] [id=18688]

Stack: [0x00007f85b429f000,0x00007f85b43a0000],  sp=0x00007f85b439e0c0,  free space=1020k
Native frames: (J=compiled Java code, j=interpreted, Vv=VM code, C=native code)
V  [libjvm.so+0xaaca9a]  VMError::report_and_die()+0x2ba
V  [libjvm.so+0x4f333b]  report_vm_out_of_memory(char const*, int, unsigned long, VMErrorType, char const*)+0x8b
V  [libjvm.so+0x90e8c3]  os::Linux::commit_memory_impl(char*, unsigned long, bool)+0x103
V  [libjvm.so+0x90ee19]  os::pd_commit_memory(char*, unsigned long, unsigned long, bool)+0x29
V  [libjvm.so+0x90877a]  os::commit_memory(char*, unsigned long, unsigned long, bool)+0x2a
V  [libjvm.so+0x97bbc3]  PSVirtualSpace::expand_by(unsigned long)+0x53
V  [libjvm.so+0x97cfc8]  PSYoungGen::resize_generation(unsigned long, unsigned long)+0xf8
V  [libjvm.so+0x97c122]  PSYoungGen::resize(unsigned long, unsigned long)+0x22
V  [libjvm.so+0x9793fb]  PSScavenge::invoke_no_policy()+0xf7b
V  [libjvm.so+0x974655]  PSParallelCompact::invoke(bool)+0x85
V  [libjvm.so+0x47c264]  CollectedHeap::collect_as_vm_thread(GCCause::Cause)+0x114
V  [libjvm.so+0xaadcd1]  VM_CollectForMetadataAllocation::doit()+0x161
V  [libjvm.so+0xab5ac5]  VM_Operation::evaluate()+0x55
V  [libjvm.so+0xab3e9a]  VMThread::evaluate_operation(VM_Operation*)+0xba
V  [libjvm.so+0xab421e]  VMThread::loop()+0x1ce
V  [libjvm.so+0xab4690]  VMThread::run()+0x70
V  [libjvm.so+0x910ee8]  java_start(Thread*)+0x108

VM_Operation (0x00007f85ce59b1a0): CollectForMetadataAllocation, mode: safepoint, requested by thread 0x00007f85c800a000


---------------  P R O C E S S  ---------------

Java Threads: ( => current thread )
  0x00007f85c80d3000 JavaThread "Service Thread" daemon [_thread_blocked, id=18695, stack(0x00007f85af12d000,0x00007f85af22e000)]
  0x00007f85c80be000 JavaThread "C1 CompilerThread2" daemon [_thread_blocked, id=18694, stack(0x00007f85af22e000,0x00007f85af32f000)]
  0x00007f85c80bc000 JavaThread "C2 CompilerThread1" daemon [_thread_blocked, id=18693, stack(0x00007f85af32f000,0x00007f85af430000)]
  0x00007f85c80b9000 JavaThread "C2 CompilerThread0" daemon [_thread_blocked, id=18692, stack(0x00007f85af430000,0x00007f85af531000)]
  0x00007f85c80b8000 JavaThread "Signal Dispatcher" daemon [_thread_blocked, id=18691, stack(0x00007f85af531000,0x00007f85af632000)]
  0x00007f85c807e800 JavaThread "Finalizer" daemon [_thread_blocked, id=18690, stack(0x00007f85b409d000,0x00007f85b419e000)]
  0x00007f85c807c800 JavaThread "Reference Handler" daemon [_thread_blocked, id=18689, stack(0x00007f85b419e000,0x00007f85b429f000)]
  0x00007f85c800a000 JavaThread "main" [_thread_blocked, id=18683, stack(0x00007f85ce49e000,0x00007f85ce59f000)]

Other Threads:
=>0x00007f85c8077800 VMThread [stack: 0x00007f85b429f000,0x00007f85b43a0000] [id=18688]
  0x00007f85c80d5800 WatcherThread [stack: 0x00007f85af02c000,0x00007f85af12d000] [id=18696]

VM state:at safepoint (normal execution)

VM Mutex/Monitor currently owned by a thread:  ([mutex/lock_event])
[0x00007f85c8006050] Threads_lock - owner thread: 0x00007f85c8077800
[0x00007f85c8006550] Heap_lock - owner thread: 0x00007f85c800a000

Heap:
 PSYoungGen      total 124928K, used 9697K [0x00000000ed580000, 0x00000000f5b80000, 0x0000000100000000)
  eden space 115200K, 0% used [0x00000000ed580000,0x00000000ed580000,0x00000000f4600000)
  from space 9728K, 99% used [0x00000000f4600000,0x00000000f4f78508,0x00000000f4f80000)
  to   space 7168K, 0% used [0x00000000f4f80000,0x00000000f4f80000,0x00000000f5680000)
 ParOldGen       total 38400K, used 26440K [0x00000000c8000000, 0x00000000ca580000, 0x00000000ed580000)
  object space 38400K, 68% used [0x00000000c8000000,0x00000000c99d22a8,0x00000000ca580000)
 Metaspace       used 20466K, capacity 21166K, committed 21248K, reserved 1069056K
  class space    used 2369K, capacity 2532K, committed 2560K, reserved 1048576K

Card table byte_map: [0x00007f85b8028000,0x00007f85b81e9000] byte_map_base: 0x00007f85b79e8000

Marking Bits: (ParMarkBitMap*) 0x00007f85cd9766c0
 Begin Bits: [0x00007f85b5ef9000, 0x00007f85b6cf9000)
 End Bits:   [0x00007f85b6cf9000, 0x00007f85b7af9000)

Polling page: 0x00007f85ce5bd000

CodeCache: size=245760Kb used=13091Kb max_used=13103Kb free=232668Kb
 bounds [0x00007f85b85a9000, 0x00007f85b9289000, 0x00007f85c75a9000]
 total_blobs=4127 nmethods=3772 adapters=268
 compilation: enabled

Compilation events (10 events):
Event: 5.256 Thread 0x00007f85c80be000 3794       3       com.sun.tools.javac.tree.TreeInfo::isConstructor (40 bytes)
Event: 5.257 Thread 0x00007f85c80be000 nmethod 3794 0x00007f85b9271b50 code [0x00007f85b9271ce0, 0x00007f85b92721e8]
Event: 5.257 Thread 0x00007f85c80be000 3795       3       com.sun.tools.javac.comp.MemberEnter::signature (325 bytes)
Event: 5.259 Thread 0x00007f85c80b9000 nmethod 3783 0x00007f85b9270fd0 code [0x00007f85b9271180, 0x00007f85b9271758]
Event: 5.259 Thread 0x00007f85c80b9000 3793       4       com.sun.tools.javac.util.ListBuffer::<init> (9 bytes)
Event: 5.260 Thread 0x00007f85c80b9000 nmethod 3793 0x00007f85b92743d0 code [0x00007f85b9274520, 0x00007f85b9274598]
Event: 5.260 Thread 0x00007f85c80b9000 3789       4       com.sun.tools.javac.code.Symbol$MethodSymbol::<init> (83 bytes)
Event: 5.260 Thread 0x00007f85c80be000 nmethod 3795 0x00007f85b927c9d0 code [0x00007f85b927cda0, 0x00007f85b927ef68]
Event: 5.260 Thread 0x00007f85c80be000 3796 % !   3       com.sun.tools.javac.jvm.ClassReader::classSigToType @ 60 (498 bytes)
Event: 5.262 Thread 0x00007f85c80b9000 nmethod 3789 0x00007f85b9279950 code [0x00007f85b9279aa0, 0x00007f85b9279b98]

GC Heap History (10 events):
Event: 1.453 GC heap after
Heap after GC invocations=4 (full 0):
 PSYoungGen      total 31744K, used 2022K [0x00000000ed580000, 0x00000000ef680000, 0x0000000100000000)
  eden space 29696K, 0% used [0x00000000ed580000,0x00000000ed580000,0x00000000ef280000)
  from space 2048K, 98% used [0x00000000ef480000,0x00000000ef679970,0x00000000ef680000)
  to   space 2048K, 0% used [0x00000000ef280000,0x00000000ef280000,0x00000000ef480000)
 ParOldGen       total 38400K, used 4736K [0x00000000c8000000, 0x00000000ca580000, 0x00000000ed580000)
  object space 38400K, 12% used [0x00000000c8000000,0x00000000c84a03f8,0x00000000ca580000)
 Metaspace       used 10890K, capacity 11060K, committed 11136K, reserved 1058816K
  class space    used 1350K, capacity 1404K, committed 1408K, reserved 1048576K
}
Event: 2.248 GC heap before
{Heap before GC invocations=5 (full 0):
 PSYoungGen      total 31744K, used 31718K [0x00000000ed580000, 0x00000000ef680000, 0x0000000100000000)
  eden space 29696K, 100% used [0x00000000ed580000,0x00000000ef280000,0x00000000ef280000)
  from space 2048K, 98% used [0x00000000ef480000,0x00000000ef679970,0x00000000ef680000)
  to   space 2048K, 0% used [0x00000000ef280000,0x00000000ef280000,0x00000000ef480000)
 ParOldGen       total 38400K, used 4736K [0x00000000c8000000, 0x00000000ca580000, 0x00000000ed580000)
  object space 38400K, 12% used [0x00000000c8000000,0x00000000c84a03f8,0x00000000ca580000)
 Metaspace       used 14086K, capacity 14282K, committed 14592K, reserved 1062912K
  class space    used 1699K, capacity 1746K, committed 1792K, reserved 1048576K
Event: 2.258 GC heap after
Heap after GC invocations=5 (full 0):
 PSYoungGen      total 31744K, used 2032K [0x00000000ed580000, 0x00000000f1a80000, 0x0000000100000000)
  eden space 29696K, 0% used [0x00000000ed580000,0x00000000ed580000,0x00000000ef280000)
  from space 2048K, 99% used [0x00000000ef280000,0x00000000ef47c010,0x00000000ef480000)
  to   space 5632K, 0% used [0x00000000f1500000,0x00000000f1500000,0x00000000f1a80000)
 ParOldGen       total 38400K, used 8470K [0x00000000c8000000, 0x00000000ca580000, 0x00000000ed580000)
  object space 38400K, 22% used [0x00000000c8000000,0x00000000c8845a50,0x00000000ca580000)
 Metaspace       used 14086K, capacity 14282K, committed 14592K, reserved 1062912K
  class space    used 1699K, capacity 1746K, committed 1792K, reserved 1048576K
}
Event: 2.712 GC heap before
{Heap before GC invocations=6 (full 0):
 PSYoungGen      total 31744K, used 31728K [0x00000000ed580000, 0x00000000f1a80000, 0x0000000100000000)
  eden space 29696K, 100% used [0x00000000ed580000,0x00000000ef280000,0x00000000ef280000)
  from space 2048K, 99% used [0x00000000ef280000,0x00000000ef47c010,0x00000000ef480000)
  to   space 5632K, 0% used [0x00000000f1500000,0x00000000f1500000,0x00000000f1a80000)
 ParOldGen       total 38400K, used 8470K [0x00000000c8000000, 0x00000000ca580000, 0x00000000ed580000)
  object space 38400K, 22% used [0x00000000c8000000,0x00000000c8845a50,0x00000000ca580000)
 Metaspace       used 14669K, capacity 15002K, committed 15232K, reserved 1062912K
  class space    used 1747K, capacity 1853K, committed 1920K, reserved 1048576K
Event: 2.729 GC heap after
Heap after GC invocations=6 (full 0):
 PSYoungGen      total 64512K, used 4367K [0x00000000ed580000, 0x00000000f1b80000, 0x0000000100000000)
  eden space 58880K, 0% used [0x00000000ed580000,0x00000000ed580000,0x00000000f0f00000)
  from space 5632K, 77% used [0x00000000f1500000,0x00000000f1943e80,0x00000000f1a80000)
  to   space 6144K, 0% used [0x00000000f0f00000,0x00000000f0f00000,0x00000000f1500000)
 ParOldGen       total 38400K, used 8478K [0x00000000c8000000, 0x00000000ca580000, 0x00000000ed580000)
  object space 38400K, 22% used [0x00000000c8000000,0x00000000c8847a50,0x00000000ca580000)
 Metaspace       used 14669K, capacity 15002K, committed 15232K, reserved 1062912K
  class space    used 1747K, capacity 1853K, committed 1920K, reserved 1048576K
}
Event: 3.294 GC heap before
{Heap before GC invocations=7 (full 0):
 PSYoungGen      total 64512K, used 63247K [0x00000000ed580000, 0x00000000f1b80000, 0x0000000100000000)
  eden space 58880K, 100% used [0x00000000ed580000,0x00000000f0f00000,0x00000000f0f00000)
  from space 5632K, 77% used [0x00000000f1500000,0x00000000f1943e80,0x00000000f1a80000)
  to   space 6144K, 0% used [0x00000000f0f00000,0x00000000f0f00000,0x00000000f1500000)
 ParOldGen       total 38400K, used 8478K [0x00000000c8000000, 0x00000000ca580000, 0x00000000ed580000)
  object space 38400K, 22% used [0x00000000c8000000,0x00000000c8847a50,0x00000000ca580000)
 Metaspace       used 15018K, capacity 15420K, committed 15744K, reserved 1062912K
  class space    used 1759K, capacity 1862K, committed 1920K, reserved 1048576K
Event: 3.311 GC heap after
Heap after GC invocations=7 (full 0):
 PSYoungGen      total 65024K, used 6144K [0x00000000ed580000, 0x00000000f5680000, 0x0000000100000000)
  eden space 58880K, 0% used [0x00000000ed580000,0x00000000ed580000,0x00000000f0f00000)
  from space 6144K, 100% used [0x00000000f0f00000,0x00000000f1500000,0x00000000f1500000)
  to   space 7168K, 0% used [0x00000000f4f80000,0x00000000f4f80000,0x00000000f5680000)
 ParOldGen       total 38400K, used 9638K [0x00000000c8000000, 0x00000000ca580000, 0x00000000ed580000)
  object space 38400K, 25% used [0x00000000c8000000,0x00000000c8969a50,0x00000000ca580000)
 Metaspace       used 15018K, capacity 15420K, committed 15744K, reserved 1062912K
  class space    used 1759K, capacity 1862K, committed 1920K, reserved 1048576K
}
Event: 4.444 GC heap before
{Heap before GC invocations=8 (full 0):
 PSYoungGen      total 65024K, used 65024K [0x00000000ed580000, 0x00000000f5680000, 0x0000000100000000)
  eden space 58880K, 100% used [0x00000000ed580000,0x00000000f0f00000,0x00000000f0f00000)
  from space 6144K, 100% used [0x00000000f0f00000,0x00000000f1500000,0x00000000f1500000)
  to   space 7168K, 0% used [0x00000000f4f80000,0x00000000f4f80000,0x00000000f5680000)
 ParOldGen       total 38400K, used 9638K [0x00000000c8000000, 0x00000000ca580000, 0x00000000ed580000)
  object space 38400K, 25% used [0x00000000c8000000,0x00000000c8969a50,0x00000000ca580000)
 Metaspace       used 19769K, capacity 20494K, committed 20736K, reserved 1067008K
  class space    used 2338K, capacity 2500K, committed 2560K, reserved 1048576K
Event: 4.473 GC heap after
Heap after GC invocations=8 (full 0):
 PSYoungGen      total 122368K, used 7159K [0x00000000ed580000, 0x00000000f5b80000, 0x0000000100000000)
  eden space 115200K, 0% used [0x00000000ed580000,0x00000000ed580000,0x00000000f4600000)
  from space 7168K, 99% used [0x00000000f4f80000,0x00000000f567dc60,0x00000000f5680000)
  to   space 9728K, 0% used [0x00000000f4600000,0x00000000f4600000,0x00000000f4f80000)
 ParOldGen       total 38400K, used 13198K [0x00000000c8000000, 0x00000000ca580000, 0x00000000ed580000)
  object space 38400K, 34% used [0x00000000c8000000,0x00000000c8ce3ad8,0x00000000ca580000)
 Metaspace       used 19769K, capacity 20494K, committed 20736K, reserved 1067008K
  class space    used 2338K, capacity 2500K, committed 2560K, reserved 1048576K
}
Event: 5.263 GC heap before
{Heap before GC invocations=9 (full 0):
 PSYoungGen      total 122368K, used 65080K [0x00000000ed580000, 0x00000000f5b80000, 0x0000000100000000)
  eden space 115200K, 50% used [0x00000000ed580000,0x00000000f0e10660,0x00000000f4600000)
  from space 7168K, 99% used [0x00000000f4f80000,0x00000000f567dc60,0x00000000f5680000)
  to   space 9728K, 0% used [0x00000000f4600000,0x00000000f4600000,0x00000000f4f80000)
 ParOldGen       total 38400K, used 13198K [0x00000000c8000000, 0x00000000ca580000, 0x00000000ed580000)
  object space 38400K, 34% used [0x00000000c8000000,0x00000000c8ce3ad8,0x00000000ca580000)
 Metaspace       used 20466K, capacity 21166K, committed 21248K, reserved 1069056K
  class space    used 2369K, capacity 2532K, committed 2560K, reserved 1048576K

Deoptimization events (10 events):
Event: 4.295 Thread 0x00007f85c800a000 Uncommon trap: reason=class_check action=maybe_recompile pc=0x00007f85b88c5ee8 method=sun.misc.URLClassPath.getResource(Ljava/lang/String;Z)Lsun/misc/Resource; @ 62
Event: 4.298 Thread 0x00007f85c800a000 Uncommon trap: reason=unstable_if action=reinterpret pc=0x00007f85b8cf00b0 method=java.nio.charset.CharsetDecoder.decode(Ljava/nio/ByteBuffer;Ljava/nio/CharBuffer;Z)Ljava/nio/charset/CoderResult; @ 1
Event: 4.884 Thread 0x00007f85c800a000 Uncommon trap: reason=unstable_if action=reinterpret pc=0x00007f85b90e499c method=com.sun.tools.javac.util.Name$Table.equals([BI[BII)Z @ 22
Event: 4.992 Thread 0x00007f85c800a000 Uncommon trap: reason=unstable_if action=reinterpret pc=0x00007f85b915b790 method=com.sun.tools.javac.code.Scope.getIndex(Lcom/sun/tools/javac/util/Name;)I @ 65
Event: 5.030 Thread 0x00007f85c800a000 Uncommon trap: reason=class_check action=maybe_recompile pc=0x00007f85b911a908 method=com.sun.tools.javac.util.List.prependList(Lcom/sun/tools/javac/util/List;)Lcom/sun/tools/javac/util/List; @ 1
Event: 5.046 Thread 0x00007f85c800a000 Uncommon trap: reason=class_check action=maybe_recompile pc=0x00007f85b911a908 method=com.sun.tools.javac.util.List.prependList(Lcom/sun/tools/javac/util/List;)Lcom/sun/tools/javac/util/List; @ 1
Event: 5.052 Thread 0x00007f85c800a000 Uncommon trap: reason=class_check action=maybe_recompile pc=0x00007f85b911a908 method=com.sun.tools.javac.util.List.prependList(Lcom/sun/tools/javac/util/List;)Lcom/sun/tools/javac/util/List; @ 1
Event: 5.116 Thread 0x00007f85c800a000 Uncommon trap: reason=class_check action=maybe_recompile pc=0x00007f85b911a908 method=com.sun.tools.javac.util.List.prependList(Lcom/sun/tools/javac/util/List;)Lcom/sun/tools/javac/util/List; @ 1
Event: 5.229 Thread 0x00007f85c800a000 Uncommon trap: reason=unloaded action=reinterpret pc=0x00007f85b9221980 method=com.sun.tools.javac.jvm.ClassReader.readPool(I)Ljava/lang/Object; @ 436
Event: 5.255 Thread 0x00007f85c800a000 Uncommon trap: reason=unstable_if action=reinterpret pc=0x00007f85b91e71ec method=com.sun.tools.javac.jvm.ClassReader.classSigToType()Lcom/sun/tools/javac/code/Type; @ 148

Internal exceptions (10 events):
Event: 1.955 Thread 0x00007f85c800a000 Implicit null exception at 0x00007f85b88af22f to 0x00007f85b88af299
Event: 2.012 Thread 0x00007f85c800a000 Implicit null exception at 0x00007f85b8b59c39 to 0x00007f85b8b5a615
Event: 2.133 Thread 0x00007f85c800a000 Exception <a 'java/lang/NoClassDefFoundError': org/slf4j/Logger> (0x00000000eef2c300) thrown at [/HUDSON/workspace/8-2-build-linux-amd64/jdk8u40/2855/hotspot/src/share/vm/oops/constantPool.cpp, line 235]
Event: 2.368 Thread 0x00007f85c800a000 Exception <a 'java/lang/NoClassDefFoundError': org/slf4j/Logger> (0x00000000edbd9428) thrown at [/HUDSON/workspace/8-2-build-linux-amd64/jdk8u40/2855/hotspot/src/share/vm/oops/constantPool.cpp, line 235]
Event: 3.195 Thread 0x00007f85c800a000 Implicit null exception at 0x00007f85b8910ebb to 0x00007f85b891149d
Event: 3.369 Thread 0x00007f85c800a000 Exception <a 'java/lang/NoClassDefFoundError': org/slf4j/Logger> (0x00000000ed8494c8) thrown at [/HUDSON/workspace/8-2-build-linux-amd64/jdk8u40/2855/hotspot/src/share/vm/oops/constantPool.cpp, line 235]
Event: 3.691 Thread 0x00007f85c800a000 Exception <a 'java/lang/NoClassDefFoundError': org/slf4j/Logger> (0x00000000ef9ce3f8) thrown at [/HUDSON/workspace/8-2-build-linux-amd64/jdk8u40/2855/hotspot/src/share/vm/oops/constantPool.cpp, line 235]
Event: 3.780 Thread 0x00007f85c800a000 Exception <a 'java/lang/ClassNotFoundException': com/sun/tools/javac/api/JavacTool> (0x00000000eff80cf0) thrown at [/HUDSON/workspace/8-2-build-linux-amd64/jdk8u40/2855/hotspot/src/share/vm/classfile/systemDictionary.cpp, line 210]
Event: 4.663 Thread 0x00007f85c800a000 Exception <a 'java/io/FileNotFoundException'> (0x00000000edcfc7d8) thrown at [/HUDSON/workspace/8-2-build-linux-amd64/jdk8u40/2855/hotspot/src/share/vm/prims/jni.cpp, line 709]
Event: 4.667 Thread 0x00007f85c800a000 Exception <a 'java/io/FileNotFoundException'> (0x00000000edd30cb0) thrown at [/HUDSON/workspace/8-2-build-linux-amd64/jdk8u40/2855/hotspot/src/share/vm/prims/jni.cpp, line 709]

Events (10 events):
Event: 5.261 loading class com/sun/tools/javac/comp/Resolve$InterfaceLookupPhase done
Event: 5.262 loading class com/sun/tools/javac/comp/Resolve$InterfaceLookupPhase$1
Event: 5.262 loading class com/sun/tools/javac/comp/Resolve$InterfaceLookupPhase$1 done
Event: 5.262 loading class com/sun/tools/javac/comp/Resolve$InterfaceLookupPhase$2
Event: 5.262 loading class com/sun/tools/javac/comp/Resolve$InterfaceLookupPhase$2 done
Event: 5.262 loading class com/sun/tools/javac/comp/Resolve$5
Event: 5.262 loading class com/sun/tools/javac/comp/Resolve$5 done
Event: 5.263 loading class com/sun/tools/javac/comp/Resolve$5$1
Event: 5.263 loading class com/sun/tools/javac/comp/Resolve$5$1 done
Event: 5.263 Executing VM operation: CollectForMetadataAllocation


Dynamic libraries:
00400000-00401000 r-xp 00000000 00:11 733463                             /usr/lib/jvm/java-8-oracle/bin/java
00600000-00601000 rw-p 00000000 00:11 733463                             /usr/lib/jvm/java-8-oracle/bin/java
00fe7000-01008000 rw-p 00000000 00:00 0                                  [heap]
c8000000-ca580000 rw-p 00000000 00:00 0 
ca580000-ed580000 ---p 00000000 00:00 0 
ed580000-f5b80000 rw-p 00000000 00:00 0 
fa980000-100000000 ---p 00000000 00:00 0 
100000000-100280000 rw-p 00000000 00:00 0 
100280000-140000000 ---p 00000000 00:00 0 
7f8570000000-7f8570021000 rw-p 00000000 00:00 0 
7f8570021000-7f8574000000 ---p 00000000 00:00 0 
7f8578000000-7f8579039000 rw-p 00000000 00:00 0 
7f8579039000-7f857c000000 ---p 00000000 00:00 0 
7f857c000000-7f857c021000 rw-p 00000000 00:00 0 
7f857c021000-7f8580000000 ---p 00000000 00:00 0 
7f8580000000-7f858159e000 rw-p 00000000 00:00 0 
7f858159e000-7f8584000000 ---p 00000000 00:00 0 
7f8584000000-7f8585179000 rw-p 00000000 00:00 0 
7f8585179000-7f8588000000 ---p 00000000 00:00 0 
7f8588000000-7f8588021000 rw-p 00000000 00:00 0 
7f8588021000-7f858c000000 ---p 00000000 00:00 0 
7f858c000000-7f858c021000 rw-p 00000000 00:00 0 
7f858c021000-7f8590000000 ---p 00000000 00:00 0 
7f8590000000-7f8590289000 rw-p 00000000 00:00 0 
7f8590289000-7f8594000000 ---p 00000000 00:00 0 
7f8594000000-7f8594021000 rw-p 00000000 00:00 0 
7f8594021000-7f8598000000 ---p 00000000 00:00 0 
7f8598000000-7f8598021000 rw-p 00000000 00:00 0 
7f8598021000-7f859c000000 ---p 00000000 00:00 0 
7f85a0000000-7f85a0021000 rw-p 00000000 00:00 0 
7f85a0021000-7f85a4000000 ---p 00000000 00:00 0 
7f85a8000000-7f85a8021000 rw-p 00000000 00:00 0 
7f85a8021000-7f85ac000000 ---p 00000000 00:00 0 
7f85add83000-7f85addc3000 rw-p 00000000 00:00 0 
7f85addc3000-7f85adf83000 ---p 00000000 00:00 0 
7f85adf83000-7f85ae183000 rw-p 00000000 00:00 0 
7f85ae183000-7f85ae1fc000 r--s 010e7000 00:11 733570                     /usr/lib/jvm/java-8-oracle/lib/tools.jar
7f85ae1fc000-7f85ae3fc000 rw-p 00000000 00:00 0 
7f85ae53d000-7f85ae53e000 rw-p 00000000 00:00 0 
7f85ae53e000-7f85ae542000 r--s 00028000 00:11 668962                     /home/ruedi/.m2/repository/org/hibernate/hibernate-jpamodelgen/4.3.8.Final/hibernate-jpamodelgen-4.3.8.Final.jar
7f85ae542000-7f85ae547000 r--s 0003b000 00:11 1698129                    /home/ruedi/.m2/repository/org/springframework/spring-expression/4.1.6.RELEASE/spring-expression-4.1.6.RELEASE.jar
7f85ae547000-7f85ae549000 r--s 00000000 00:11 52218                      /home/ruedi/.m2/repository/aopalliance/aopalliance/1.0/aopalliance-1.0.jar
7f85ae549000-7f85ae552000 r--s 0004f000 00:11 1698126                    /home/ruedi/.m2/repository/org/springframework/spring-aop/4.1.6.RELEASE/spring-aop-4.1.6.RELEASE.jar
7f85ae552000-7f85ae56a000 r--s 000e3000 00:11 1698123                    /home/ruedi/.m2/repository/org/springframework/spring-context/4.1.6.RELEASE/spring-context-4.1.6.RELEASE.jar
7f85ae56a000-7f85ae572000 r--s 00054000 00:11 1694389                    /home/ruedi/.m2/repository/org/springframework/spring-orm/4.1.6.RELEASE/spring-orm-4.1.6.RELEASE.jar
7f85ae572000-7f85ae57c000 r--s 0005f000 00:11 1666076                    /home/ruedi/.m2/repository/org/springframework/spring-jdbc/4.1.6.RELEASE/spring-jdbc-4.1.6.RELEASE.jar
7f85ae57c000-7f85ae591000 r--s 000e2000 00:11 1666070                    /home/ruedi/.m2/repository/org/springframework/spring-core/4.1.6.RELEASE/spring-core-4.1.6.RELEASE.jar
7f85ae591000-7f85ae59e000 r--s 000a0000 00:11 1666066                    /home/ruedi/.m2/repository/org/springframework/spring-beans/4.1.6.RELEASE/spring-beans-4.1.6.RELEASE.jar
7f85ae59e000-7f85ae5a5000 r--s 00037000 00:11 1666063                    /home/ruedi/.m2/repository/org/springframework/spring-tx/4.1.6.RELEASE/spring-tx-4.1.6.RELEASE.jar
7f85ae5a5000-7f85ae5a8000 r--s 00015000 00:11 651904                     /home/ruedi/.m2/repository/javax/servlet/javax.servlet-api/3.1.0/javax.servlet-api-3.1.0.jar
7f85ae5a8000-7f85ae5ab000 r--s 0001b000 00:11 338437                     /home/ruedi/.m2/repository/junit/junit/3.8.2/junit-3.8.2.jar
7f85ae5ab000-7f85ae5b9000 r--s 0008f000 00:11 338432                     /home/ruedi/.m2/repository/com/google/collections/google-collections/1.0/google-collections-1.0.jar
7f85ae5b9000-7f85ae5ba000 r--s 0000a000 00:11 338431                     /home/ruedi/.m2/repository/commons-logging/commons-logging-api/1.1/commons-logging-api-1.1.jar
7f85ae5ba000-7f85ae5c1000 r--s 00051000 00:11 338429                     /home/ruedi/.m2/repository/log4j/log4j/1.2.12/log4j-1.2.12.jar
7f85ae5c1000-7f85ae5c5000 r--s 0001d000 00:11 338428                     /home/ruedi/.m2/repository/org/apache/xbean/xbean-reflect/3.4/xbean-reflect-3.4.jar
7f85ae5c5000-7f85ae5c6000 r--s 00004000 00:11 338426                     /home/ruedi/.m2/repository/org/codehaus/plexus/plexus-compiler-javac/2.2/plexus-compiler-javac-2.2.jar
7f85ae5c6000-7f85ae5c8000 r--s 00000000 00:11 338424                     /home/ruedi/.m2/repository/org/codehaus/plexus/plexus-compiler-manager/2.2/plexus-compiler-manager-2.2.jar
7f85ae5c8000-7f85ae5ca000 r--s 00005000 00:11 338420                     /home/ruedi/.m2/repository/org/codehaus/plexus/plexus-compiler-api/2.2/plexus-compiler-api-2.2.jar
7f85ae5ca000-7f85ae5cc000 r--s 00000000 00:11 46462                      /home/ruedi/.m2/repository/org/codehaus/plexus/plexus-component-annotations/1.5.5/plexus-component-annotations-1.5.5.jar
7f85ae5cc000-7f85ae5ce000 r--s 00002000 00:11 338419                     /home/ruedi/.m2/repository/org/apache/maven/shared/maven-shared-incremental/1.1/maven-shared-incremental-1.1.jar
7f85ae5ce000-7f85ae5d0000 r--s 00006000 00:11 58623                      /home/ruedi/.m2/repository/com/google/code/findbugs/jsr305/2.0.1/jsr305-2.0.1.jar
7f85ae5d0000-7f85ae5d3000 r--s 00023000 00:11 338422                     /home/ruedi/.m2/repository/org/apache/maven/shared/maven-shared-utils/0.1/maven-shared-utils-0.1.jar
7f85ae5d3000-7f85ae5d7000 r--s 00030000 00:11 58578                      /home/ruedi/.m2/repository/org/codehaus/plexus/plexus-utils/1.5.1/plexus-utils-1.5.1.jar
7f85ae5d7000-7f85ae5d9000 r--s 00009000 00:11 41164                      /home/ruedi/.m2/repository/org/apache/maven/plugins/maven-compiler-plugin/3.1/maven-compiler-plugin-3.1.jar
7f85ae5d9000-7f85ae5db000 r--s 0000b000 00:11 41603                      /home/ruedi/.m2/repository/org/codehaus/plexus/plexus-interpolation/1.6/plexus-interpolation-1.6.jar
7f85ae5db000-7f85ae5dd000 r--s 00002000 00:11 41597                      /home/ruedi/.m2/repository/org/codehaus/plexus/plexus-interactivity-api/1.0-alpha-4/plexus-interactivity-api-1.0-alpha-4.jar
7f85ae5dd000-7f85ae5df000 r--s 00006000 00:11 41596                      /home/ruedi/.m2/repository/commons-cli/commons-cli/1.0/commons-cli-1.0.jar
7f85ae5df000-7f85ae5e0000 r--s 00001000 00:11 41600                      /home/ruedi/.m2/repository/org/apache/maven/doxia/doxia-sink-api/1.0-alpha-7/doxia-sink-api-1.0-alpha-7.jar
7f85ae5e0000-7f85ae5e1000 r--s 00002000 00:11 41594                      /home/ruedi/.m2/repository/org/apache/maven/reporting/maven-reporting-api/2.0.6/maven-reporting-api-2.0.6.jar
7f85ae5e1000-7f85ae5e3000 r--s 00007000 00:11 41595                      /home/ruedi/.m2/repository/org/apache/maven/shared/maven-filtering/1.0-beta-2/maven-filtering-1.0-beta-2.jar
7f85ae5e3000-7f85ae5e8000 r--s 00039000 00:11 41379                      /home/ruedi/.m2/repository/org/codehaus/plexus/plexus-utils/1.5.6/plexus-utils-1.5.6.jar
7f85ae5e8000-7f85ae7e8000 rw-p 00000000 00:00 0 
7f85ae7e8000-7f85ae7f9000 r-xp 00000000 00:11 735215                     /usr/lib/jvm/java-8-oracle/jre/lib/amd64/libnio.so
7f85ae7f9000-7f85ae9f8000 ---p 00011000 00:11 735215                     /usr/lib/jvm/java-8-oracle/jre/lib/amd64/libnio.so
7f85ae9f8000-7f85ae9f9000 rw-p 00010000 00:11 735215                     /usr/lib/jvm/java-8-oracle/jre/lib/amd64/libnio.so
7f85ae9f9000-7f85aea0f000 r-xp 00000000 00:11 735212                     /usr/lib/jvm/java-8-oracle/jre/lib/amd64/libnet.so
7f85aea0f000-7f85aec0f000 ---p 00016000 00:11 735212                     /usr/lib/jvm/java-8-oracle/jre/lib/amd64/libnet.so
7f85aec0f000-7f85aec10000 rw-p 00016000 00:11 735212                     /usr/lib/jvm/java-8-oracle/jre/lib/amd64/libnet.so
7f85aec10000-7f85aee10000 rw-p 00000000 00:00 0 
7f85aee10000-7f85af010000 rw-p 00000000 00:00 0 
7f85af010000-7f85af02c000 r--s 00110000 00:11 266216                     /usr/share/java/wagon-http-shaded-2.x.jar
7f85af02c000-7f85af02d000 ---p 00000000 00:00 0 
7f85af02d000-7f85af12d000 rw-p 00000000 00:00 0                          [stack:18696]
7f85af12d000-7f85af130000 ---p 00000000 00:00 0 
7f85af130000-7f85af22e000 rw-p 00000000 00:00 0                          [stack:18695]
7f85af22e000-7f85af231000 ---p 00000000 00:00 0 
7f85af231000-7f85af32f000 rw-p 00000000 00:00 0                          [stack:18694]
7f85af32f000-7f85af332000 ---p 00000000 00:00 0 
7f85af332000-7f85af430000 rw-p 00000000 00:00 0                          [stack:18693]
7f85af430000-7f85af433000 ---p 00000000 00:00 0 
7f85af433000-7f85af531000 rw-p 00000000 00:00 0                          [stack:18692]
7f85af531000-7f85af534000 ---p 00000000 00:00 0 
7f85af534000-7f85af632000 rw-p 00000000 00:00 0                          [stack:18691]
7f85af632000-7f85b0000000 r--p 00000000 00:11 14988                      /usr/lib/locale/locale-archive
7f85b0000000-7f85b0021000 rw-p 00000000 00:00 0 
7f85b0021000-7f85b4000000 ---p 00000000 00:00 0 
7f85b4000000-7f85b4002000 r--s 00004000 00:11 41415                      /home/ruedi/.m2/repository/org/apache/maven/plugins/maven-resources-plugin/2.3/maven-resources-plugin-2.3.jar
7f85b4002000-7f85b4003000 r--s 00002000 00:11 41380                      /home/ruedi/.m2/repository/org/codehaus/plexus/plexus-digest/1.0/plexus-digest-1.0.jar
7f85b4003000-7f85b4006000 r--s 0001b000 00:11 41378                      /home/ruedi/.m2/repository/junit/junit/3.8.1/junit-3.8.1.jar
7f85b4006000-7f85b4007000 r--s 00005000 00:11 41188                      /home/ruedi/.m2/repository/org/apache/maven/plugins/maven-install-plugin/2.3/maven-install-plugin-2.3.jar
7f85b4007000-7f85b400b000 r--s 00034000 00:11 46533                      /home/ruedi/.m2/repository/org/codehaus/plexus/plexus-utils/3.0/plexus-utils-3.0.jar
7f85b400b000-7f85b400d000 r--s 00005000 00:11 58847                      /home/ruedi/.m2/repository/org/apache/maven/plugins/maven-clean-plugin/2.5/maven-clean-plugin-2.5.jar
7f85b400d000-7f85b4012000 r--s 00094000 00:11 735059                     /usr/lib/jvm/java-8-oracle/jre/lib/jsse.jar
7f85b4012000-7f85b4014000 r--s 00025000 00:11 266305                     /usr/share/java/maven3-model-3.0.5.jar
7f85b4014000-7f85b4016000 r--s 0000a000 00:11 266310                     /usr/share/java/maven3-artifact-3.0.5.jar
7f85b4016000-7f85b4021000 r--s 00116000 00:11 735069                     /usr/lib/jvm/java-8-oracle/jre/lib/ext/localedata.jar
7f85b4021000-7f85b403d000 r--s 00393000 00:11 735063                     /usr/lib/jvm/java-8-oracle/jre/lib/ext/cldrdata.jar
7f85b403d000-7f85b403f000 r--s 00008000 00:11 266307                     /usr/share/java/maven3-embedder-3.0.5.jar
7f85b403f000-7f85b4041000 r--s 0000e000 00:11 263107                     /usr/share/java/plexus-interpolation.jar
7f85b4041000-7f85b4045000 r--s 00020000 00:11 266314                     /usr/share/java/maven3-model-builder-3.0.5.jar
7f85b4045000-7f85b4047000 r--s 0000a000 00:11 266208                     /usr/share/java/wagon-provider-api-2.x.jar
7f85b4047000-7f85b404a000 r--s 0001d000 00:11 265455                     /usr/share/maven-repo/org/sonatype/aether/aether-impl/1.13.1/aether-impl-1.13.1.jar
7f85b404a000-7f85b404c000 r--s 00002000 00:11 263759                     /usr/share/java/plexus-cipher.jar
7f85b404c000-7f85b404f000 r--s 00013000 00:11 265443                     /usr/share/maven-repo/org/sonatype/aether/aether-api/1.13.1/aether-api-1.13.1.jar
7f85b404f000-7f85b4051000 r--s 00005000 00:11 266309                     /usr/share/java/maven3-repository-metadata-3.0.5.jar
7f85b4051000-7f85b405d000 r--s 0007c000 00:11 266306                     /usr/share/java/maven3-core-3.0.5.jar
7f85b405d000-7f85b4063000 r--s 0002c000 00:11 265212                     /usr/share/java/sisu-inject-plexus.jar
7f85b4063000-7f85b406a000 r--s 00040000 00:11 265217                     /usr/share/java/sisu-inject-bean.jar
7f85b406a000-7f85b406e000 r--s 00033000 00:11 265051                     /usr/share/java/plexus-utils2-2.0.5.jar
7f85b406e000-7f85b4074000 r--s 0003e000 00:11 266312                     /usr/share/java/maven3-compat-3.0.5.jar
7f85b4074000-7f85b409d000 r--s 001e9000 00:11 262835                     /usr/share/java/guava.jar
7f85b409d000-7f85b40a0000 ---p 00000000 00:00 0 
7f85b40a0000-7f85b419e000 rw-p 00000000 00:00 0                          [stack:18690]
7f85b419e000-7f85b41a1000 ---p 00000000 00:00 0 
7f85b41a1000-7f85b429f000 rw-p 00000000 00:00 0                          [stack:18689]
7f85b429f000-7f85b42a0000 ---p 00000000 00:00 0 
7f85b42a0000-7f85b5361000 rw-p 00000000 00:00 0                          [stack:18688]
7f85b5361000-7f85b5539000 r--s 03d09000 00:11 735009                     /usr/lib/jvm/java-8-oracle/jre/lib/rt.jar
7f85b5539000-7f85b7af9000 rw-p 00000000 00:00 0 
7f85b7af9000-7f85b7afa000 ---p 00000000 00:00 0 
7f85b7afa000-7f85b7bfa000 rw-p 00000000 00:00 0                          [stack:18687]
7f85b7bfa000-7f85b7bfb000 ---p 00000000 00:00 0 
7f85b7bfb000-7f85b7cfb000 rw-p 00000000 00:00 0                          [stack:18686]
7f85b7cfb000-7f85b7cfc000 ---p 00000000 00:00 0 
7f85b7cfc000-7f85b7dfc000 rw-p 00000000 00:00 0                          [stack:18685]
7f85b7dfc000-7f85b7dfd000 ---p 00000000 00:00 0 
7f85b7dfd000-7f85b7f10000 rw-p 00000000 00:00 0                          [stack:18684]
7f85b7f10000-7f85b8028000 ---p 00000000 00:00 0 
7f85b8028000-7f85b803b000 rw-p 00000000 00:00 0 
7f85b803b000-7f85b8152000 ---p 00000000 00:00 0 
7f85b8152000-7f85b8196000 rw-p 00000000 00:00 0 
7f85b8196000-7f85b81e8000 ---p 00000000 00:00 0 
7f85b81e8000-7f85b821d000 rw-p 00000000 00:00 0 
7f85b821d000-7f85b85a9000 ---p 00000000 00:00 0 
7f85b85a9000-7f85b9289000 rwxp 00000000 00:00 0 
7f85b9289000-7f85c75a9000 ---p 00000000 00:00 0 
7f85c75a9000-7f85c75c3000 r-xp 00000000 00:11 735208                     /usr/lib/jvm/java-8-oracle/jre/lib/amd64/libzip.so
7f85c75c3000-7f85c77c3000 ---p 0001a000 00:11 735208                     /usr/lib/jvm/java-8-oracle/jre/lib/amd64/libzip.so
7f85c77c3000-7f85c77c4000 rw-p 0001a000 00:11 735208                     /usr/lib/jvm/java-8-oracle/jre/lib/amd64/libzip.so
7f85c77c4000-7f85c77cf000 r-xp 00000000 00:11 659810                     /lib/x86_64-linux-gnu/libnss_files-2.19.so
7f85c77cf000-7f85c79ce000 ---p 0000b000 00:11 659810                     /lib/x86_64-linux-gnu/libnss_files-2.19.so
7f85c79ce000-7f85c79cf000 r--p 0000a000 00:11 659810                     /lib/x86_64-linux-gnu/libnss_files-2.19.so
7f85c79cf000-7f85c79d0000 rw-p 0000b000 00:11 659810                     /lib/x86_64-linux-gnu/libnss_files-2.19.so
7f85c79d0000-7f85c79db000 r-xp 00000000 00:11 659830                     /lib/x86_64-linux-gnu/libnss_nis-2.19.so
7f85c79db000-7f85c7bda000 ---p 0000b000 00:11 659830                     /lib/x86_64-linux-gnu/libnss_nis-2.19.so
7f85c7bda000-7f85c7bdb000 r--p 0000a000 00:11 659830                     /lib/x86_64-linux-gnu/libnss_nis-2.19.so
7f85c7bdb000-7f85c7bdc000 rw-p 0000b000 00:11 659830                     /lib/x86_64-linux-gnu/libnss_nis-2.19.so
7f85c7bdc000-7f85c7bf3000 r-xp 00000000 00:11 659819                     /lib/x86_64-linux-gnu/libnsl-2.19.so
7f85c7bf3000-7f85c7df2000 ---p 00017000 00:11 659819                     /lib/x86_64-linux-gnu/libnsl-2.19.so
7f85c7df2000-7f85c7df3000 r--p 00016000 00:11 659819                     /lib/x86_64-linux-gnu/libnsl-2.19.so
7f85c7df3000-7f85c7df4000 rw-p 00017000 00:11 659819                     /lib/x86_64-linux-gnu/libnsl-2.19.so
7f85c7df4000-7f85c7df6000 rw-p 00000000 00:00 0 
7f85c7df6000-7f85c7dff000 r-xp 00000000 00:11 659818                     /lib/x86_64-linux-gnu/libnss_compat-2.19.so
7f85c7dff000-7f85c7ffe000 ---p 00009000 00:11 659818                     /lib/x86_64-linux-gnu/libnss_compat-2.19.so
7f85c7ffe000-7f85c7fff000 r--p 00008000 00:11 659818                     /lib/x86_64-linux-gnu/libnss_compat-2.19.so
7f85c7fff000-7f85c8000000 rw-p 00009000 00:11 659818                     /lib/x86_64-linux-gnu/libnss_compat-2.19.so
7f85c8000000-7f85c8d90000 rw-p 00000000 00:00 0 
7f85c8d90000-7f85cc000000 ---p 00000000 00:00 0 
7f85cc000000-7f85cc001000 r--s 00003000 00:11 265438                     /usr/share/maven-repo/org/sonatype/aether/aether-spi/1.13.1/aether-spi-1.13.1.jar
7f85cc001000-7f85cc008000 r--s 0003b000 00:11 262985                     /usr/share/java/commons-codec-1.9.jar
7f85cc008000-7f85cc00e000 r--s 00046000 00:11 263792                     /usr/share/java/commons-httpclient-3.1.jar
7f85cc00e000-7f85cc01a000 r--s 00082000 00:11 265170                     /usr/share/java/sisu-guice.jar
7f85cc01a000-7f85cc090000 rw-p 00000000 00:00 0 
7f85cc090000-7f85cc0ba000 r-xp 00000000 00:11 735203                     /usr/lib/jvm/java-8-oracle/jre/lib/amd64/libjava.so
7f85cc0ba000-7f85cc2ba000 ---p 0002a000 00:11 735203                     /usr/lib/jvm/java-8-oracle/jre/lib/amd64/libjava.so
7f85cc2ba000-7f85cc2bc000 rw-p 0002a000 00:11 735203                     /usr/lib/jvm/java-8-oracle/jre/lib/amd64/libjava.so
7f85cc2bc000-7f85cc2c9000 r-xp 00000000 00:11 735207                     /usr/lib/jvm/java-8-oracle/jre/lib/amd64/libverify.so
7f85cc2c9000-7f85cc4c9000 ---p 0000d000 00:11 735207                     /usr/lib/jvm/java-8-oracle/jre/lib/amd64/libverify.so
7f85cc4c9000-7f85cc4cb000 rw-p 0000d000 00:11 735207                     /usr/lib/jvm/java-8-oracle/jre/lib/amd64/libverify.so
7f85cc4cb000-7f85cc4d2000 r-xp 00000000 00:11 659827                     /lib/x86_64-linux-gnu/librt-2.19.so
7f85cc4d2000-7f85cc6d1000 ---p 00007000 00:11 659827                     /lib/x86_64-linux-gnu/librt-2.19.so
7f85cc6d1000-7f85cc6d2000 r--p 00006000 00:11 659827                     /lib/x86_64-linux-gnu/librt-2.19.so
7f85cc6d2000-7f85cc6d3000 rw-p 00007000 00:11 659827                     /lib/x86_64-linux-gnu/librt-2.19.so
7f85cc6d3000-7f85cc7d8000 r-xp 00000000 00:11 659809                     /lib/x86_64-linux-gnu/libm-2.19.so
7f85cc7d8000-7f85cc9d7000 ---p 00105000 00:11 659809                     /lib/x86_64-linux-gnu/libm-2.19.so
7f85cc9d7000-7f85cc9d8000 r--p 00104000 00:11 659809                     /lib/x86_64-linux-gnu/libm-2.19.so
7f85cc9d8000-7f85cc9d9000 rw-p 00105000 00:11 659809                     /lib/x86_64-linux-gnu/libm-2.19.so
7f85cc9d9000-7f85cd687000 r-xp 00000000 00:11 735185                     /usr/lib/jvm/java-8-oracle/jre/lib/amd64/server/libjvm.so
7f85cd687000-7f85cd886000 ---p 00cae000 00:11 735185                     /usr/lib/jvm/java-8-oracle/jre/lib/amd64/server/libjvm.so
7f85cd886000-7f85cd95d000 rw-p 00cad000 00:11 735185                     /usr/lib/jvm/java-8-oracle/jre/lib/amd64/server/libjvm.so
7f85cd95d000-7f85cd9a1000 rw-p 00000000 00:00 0 
7f85cd9a1000-7f85cdb5c000 r-xp 00000000 00:11 659824                     /lib/x86_64-linux-gnu/libc-2.19.so
7f85cdb5c000-7f85cdd5b000 ---p 001bb000 00:11 659824                     /lib/x86_64-linux-gnu/libc-2.19.so
7f85cdd5b000-7f85cdd5f000 r--p 001ba000 00:11 659824                     /lib/x86_64-linux-gnu/libc-2.19.so
7f85cdd5f000-7f85cdd61000 rw-p 001be000 00:11 659824                     /lib/x86_64-linux-gnu/libc-2.19.so
7f85cdd61000-7f85cdd66000 rw-p 00000000 00:00 0 
7f85cdd66000-7f85cdd69000 r-xp 00000000 00:11 659813                     /lib/x86_64-linux-gnu/libdl-2.19.so
7f85cdd69000-7f85cdf68000 ---p 00003000 00:11 659813                     /lib/x86_64-linux-gnu/libdl-2.19.so
7f85cdf68000-7f85cdf69000 r--p 00002000 00:11 659813                     /lib/x86_64-linux-gnu/libdl-2.19.so
7f85cdf69000-7f85cdf6a000 rw-p 00003000 00:11 659813                     /lib/x86_64-linux-gnu/libdl-2.19.so
7f85cdf6a000-7f85cdf7f000 r-xp 00000000 00:11 734824                     /usr/lib/jvm/java-8-oracle/lib/amd64/jli/libjli.so
7f85cdf7f000-7f85ce17f000 ---p 00015000 00:11 734824                     /usr/lib/jvm/java-8-oracle/lib/amd64/jli/libjli.so
7f85ce17f000-7f85ce180000 rw-p 00015000 00:11 734824                     /usr/lib/jvm/java-8-oracle/lib/amd64/jli/libjli.so
7f85ce180000-7f85ce199000 r-xp 00000000 00:11 659825                     /lib/x86_64-linux-gnu/libpthread-2.19.so
7f85ce199000-7f85ce398000 ---p 00019000 00:11 659825                     /lib/x86_64-linux-gnu/libpthread-2.19.so
7f85ce398000-7f85ce399000 r--p 00018000 00:11 659825                     /lib/x86_64-linux-gnu/libpthread-2.19.so
7f85ce399000-7f85ce39a000 rw-p 00019000 00:11 659825                     /lib/x86_64-linux-gnu/libpthread-2.19.so
7f85ce39a000-7f85ce39e000 rw-p 00000000 00:00 0 
7f85ce39e000-7f85ce3c1000 r-xp 00000000 00:11 659821                     /lib/x86_64-linux-gnu/ld-2.19.so
7f85ce3c1000-7f85ce3c3000 r--s 00006000 00:11 265461                     /usr/share/maven-repo/org/sonatype/aether/aether-connector-wagon/1.13.1/aether-connector-wagon-1.13.1.jar
7f85ce3c3000-7f85ce3c5000 r--s 00009000 00:11 266308                     /usr/share/java/maven3-settings-3.0.5.jar
7f85ce3c5000-7f85ce3c7000 r--s 00000000 00:11 265098                     /usr/share/java/plexus-component-annotations-1.5-1.5.5.jar
7f85ce3c7000-7f85ce49e000 rw-p 00000000 00:00 0 
7f85ce49e000-7f85ce4a1000 ---p 00000000 00:00 0 
7f85ce4a1000-7f85ce5a3000 rw-p 00000000 00:00 0                          [stack:18683]
7f85ce5a3000-7f85ce5a5000 r--s 00009000 00:11 266313                     /usr/share/java/maven3-plugin-api-3.0.5.jar
7f85ce5a5000-7f85ce5a7000 r--s 00007000 00:11 266311                     /usr/share/java/maven3-settings-builder-3.0.5.jar
7f85ce5a7000-7f85ce5a8000 r--s 0000d000 00:11 261991                     /usr/share/java/commons-logging-1.1.3.jar
7f85ce5a8000-7f85ce5a9000 r--s 00006000 00:11 263778                     /usr/share/java/plexus-sec-dispatcher.jar
7f85ce5a9000-7f85ce5ab000 r--s 00007000 00:11 262751                     /usr/share/java/commons-cli-1.2.jar
7f85ce5ab000-7f85ce5ac000 r--s 00001000 00:11 266209                     /usr/share/java/wagon-file-2.x.jar
7f85ce5ac000-7f85ce5b0000 r--s 0001c000 00:11 265426                     /usr/share/maven-repo/org/sonatype/aether/aether-util/1.13.1/aether-util-1.13.1.jar
7f85ce5b0000-7f85ce5b2000 r--s 0000b000 00:11 266304                     /usr/share/java/maven3-aether-provider-3.0.5.jar
7f85ce5b2000-7f85ce5b4000 r--s 0000a000 00:11 262618                     /usr/share/java/plexus-classworlds2-2.5.1.jar
7f85ce5b4000-7f85ce5bc000 rw-s 00000000 00:11 963102                     /tmp/hsperfdata_ruedi/18672
7f85ce5bc000-7f85ce5bd000 rw-p 00000000 00:00 0 
7f85ce5bd000-7f85ce5be000 ---p 00000000 00:00 0 
7f85ce5be000-7f85ce5c0000 rw-p 00000000 00:00 0 
7f85ce5c0000-7f85ce5c1000 r--p 00022000 00:11 659821                     /lib/x86_64-linux-gnu/ld-2.19.so
7f85ce5c1000-7f85ce5c2000 rw-p 00023000 00:11 659821                     /lib/x86_64-linux-gnu/ld-2.19.so
7f85ce5c2000-7f85ce5c3000 rw-p 00000000 00:00 0 
7fffd451f000-7fffd4540000 rw-p 00000000 00:00 0                          [stack]
7fffd4565000-7fffd4567000 r-xp 00000000 00:00 0                          [vdso]
ffffffffff600000-ffffffffff601000 r-xp 00000000 00:00 0                  [vsyscall]

VM Arguments:
jvm_args: -Dclassworlds.conf=/usr/share/maven/bin/m2.conf -Dmaven.home=/usr/share/maven 
java_command: org.codehaus.plexus.classworlds.launcher.Launcher clean install -DskipTests
java_class_path (initial): /usr/share/maven/boot/plexus-classworlds-2.x.jar
Launcher Type: SUN_STANDARD

Environment Variables:
JAVA_HOME=/usr/lib/jvm/java-8-oracle
PATH=/usr/local/sbin:/usr/local/bin:/usr/sbin:/usr/bin:/sbin:/bin:/usr/games:/usr/local/games:/usr/lib/jvm/java-8-oracle/bin:/usr/lib/jvm/java-8-oracle/db/bin:/usr/lib/jvm/java-8-oracle/jre/bin
SHELL=/bin/bash
DISPLAY=:0.0

Signal Handlers:
SIGSEGV: [libjvm.so+0xaad2e0], sa_mask[0]=11111111011111111101111111111110, sa_flags=SA_RESTART|SA_SIGINFO
SIGBUS: [libjvm.so+0xaad2e0], sa_mask[0]=11111111011111111101111111111110, sa_flags=SA_RESTART|SA_SIGINFO
SIGFPE: [libjvm.so+0x90b550], sa_mask[0]=11111111011111111101111111111110, sa_flags=SA_RESTART|SA_SIGINFO
SIGPIPE: [libjvm.so+0x90b550], sa_mask[0]=11111111011111111101111111111110, sa_flags=SA_RESTART|SA_SIGINFO
SIGXFSZ: [libjvm.so+0x90b550], sa_mask[0]=11111111011111111101111111111110, sa_flags=SA_RESTART|SA_SIGINFO
SIGILL: [libjvm.so+0x90b550], sa_mask[0]=11111111011111111101111111111110, sa_flags=SA_RESTART|SA_SIGINFO
SIGUSR1: SIG_DFL, sa_mask[0]=00000000000000000000000000000000, sa_flags=none
SIGUSR2: [libjvm.so+0x90cb90], sa_mask[0]=00000000000000000000000000000000, sa_flags=SA_RESTART|SA_SIGINFO
SIGHUP: [libjvm.so+0x90dee0], sa_mask[0]=11111111011111111101111111111110, sa_flags=SA_RESTART|SA_SIGINFO
SIGINT: [libjvm.so+0x90dee0], sa_mask[0]=11111111011111111101111111111110, sa_flags=SA_RESTART|SA_SIGINFO
SIGTERM: [libjvm.so+0x90dee0], sa_mask[0]=11111111011111111101111111111110, sa_flags=SA_RESTART|SA_SIGINFO
SIGQUIT: [libjvm.so+0x90dee0], sa_mask[0]=11111111011111111101111111111110, sa_flags=SA_RESTART|SA_SIGINFO


---------------  S Y S T E M  ---------------

OS:DISTRIB_ID=Ubuntu
DISTRIB_RELEASE=14.04
DISTRIB_CODENAME=trusty
DISTRIB_DESCRIPTION="Ubuntu 14.04.2 LTS"

uname:Linux 3.13.0-46-generic #79-Ubuntu SMP Tue Mar 10 20:06:50 UTC 2015 x86_64
libc:glibc 2.19 NPTL 2.19 
rlimit: STACK 8192k, CORE 0k, NPROC 28441, NOFILE 4096, AS infinity
load average:0.37 0.41 0.44

/proc/meminfo:
MemTotal:        3662508 kB
MemFree:          105536 kB
Buffers:               8 kB
Cached:           335100 kB
SwapCached:            0 kB
Active:          3134080 kB
Inactive:         256144 kB
Active(anon):    3113376 kB
Inactive(anon):   221944 kB
Active(file):      20704 kB
Inactive(file):    34200 kB
Unevictable:          32 kB
Mlocked:              32 kB
SwapTotal:             0 kB
SwapFree:              0 kB
Dirty:               732 kB
Writeback:             0 kB
AnonPages:       3055784 kB
Mapped:           221892 kB
Shmem:            279608 kB
Slab:              66324 kB
SReclaimable:      32552 kB
SUnreclaim:        33772 kB
KernelStack:        4680 kB
PageTables:        43748 kB
NFS_Unstable:          0 kB
Bounce:                0 kB
WritebackTmp:          0 kB
CommitLimit:     1831252 kB
Committed_AS:    6681632 kB
VmallocTotal:   34359738367 kB
VmallocUsed:      351584 kB
VmallocChunk:   34359373400 kB
HardwareCorrupted:     0 kB
AnonHugePages:   1087488 kB
HugePages_Total:       0
HugePages_Free:        0
HugePages_Rsvd:        0
HugePages_Surp:        0
Hugepagesize:       2048 kB
DirectMap4k:      106420 kB
DirectMap2M:     3700736 kB


CPU:total 4 (2 cores per cpu, 2 threads per core) family 6 model 58 stepping 9, cmov, cx8, fxsr, mmx, sse, sse2, sse3, ssse3, sse4.1, sse4.2, popcnt, avx, clmul, erms, ht, tsc, tscinvbit, tscinv

/proc/cpuinfo:
processor	: 0
vendor_id	: GenuineIntel
cpu family	: 6
model		: 58
model name	: Intel(R) Core(TM) i5-3337U CPU @ 1.80GHz
stepping	: 9
microcode	: 0x17
cpu MHz		: 800.000
cache size	: 3072 KB
physical id	: 0
siblings	: 4
core id		: 0
cpu cores	: 2
apicid		: 0
initial apicid	: 0
fpu		: yes
fpu_exception	: yes
cpuid level	: 13
wp		: yes
flags		: fpu vme de pse tsc msr pae mce cx8 apic sep mtrr pge mca cmov pat pse36 clflush dts acpi mmx fxsr sse sse2 ss ht tm pbe syscall nx rdtscp lm constant_tsc arch_perfmon pebs bts rep_good nopl xtopology nonstop_tsc aperfmperf eagerfpu pni pclmulqdq dtes64 monitor ds_cpl vmx est tm2 ssse3 cx16 xtpr pdcm pcid sse4_1 sse4_2 x2apic popcnt tsc_deadline_timer xsave avx f16c rdrand lahf_lm ida arat epb xsaveopt pln pts dtherm tpr_shadow vnmi flexpriority ept vpid fsgsbase smep erms
bogomips	: 3591.88
clflush size	: 64
cache_alignment	: 64
address sizes	: 36 bits physical, 48 bits virtual
power management:

processor	: 1
vendor_id	: GenuineIntel
cpu family	: 6
model		: 58
model name	: Intel(R) Core(TM) i5-3337U CPU @ 1.80GHz
stepping	: 9
microcode	: 0x17
cpu MHz		: 774.000
cache size	: 3072 KB
physical id	: 0
siblings	: 4
core id		: 0
cpu cores	: 2
apicid		: 1
initial apicid	: 1
fpu		: yes
fpu_exception	: yes
cpuid level	: 13
wp		: yes
flags		: fpu vme de pse tsc msr pae mce cx8 apic sep mtrr pge mca cmov pat pse36 clflush dts acpi mmx fxsr sse sse2 ss ht tm pbe syscall nx rdtscp lm constant_tsc arch_perfmon pebs bts rep_good nopl xtopology nonstop_tsc aperfmperf eagerfpu pni pclmulqdq dtes64 monitor ds_cpl vmx est tm2 ssse3 cx16 xtpr pdcm pcid sse4_1 sse4_2 x2apic popcnt tsc_deadline_timer xsave avx f16c rdrand lahf_lm ida arat epb xsaveopt pln pts dtherm tpr_shadow vnmi flexpriority ept vpid fsgsbase smep erms
bogomips	: 3591.88
clflush size	: 64
cache_alignment	: 64
address sizes	: 36 bits physical, 48 bits virtual
power management:

processor	: 2
vendor_id	: GenuineIntel
cpu family	: 6
model		: 58
model name	: Intel(R) Core(TM) i5-3337U CPU @ 1.80GHz
stepping	: 9
microcode	: 0x17
cpu MHz		: 1801.000
cache size	: 3072 KB
physical id	: 0
siblings	: 4
core id		: 1
cpu cores	: 2
apicid		: 2
initial apicid	: 2
fpu		: yes
fpu_exception	: yes
cpuid level	: 13
wp		: yes
flags		: fpu vme de pse tsc msr pae mce cx8 apic sep mtrr pge mca cmov pat pse36 clflush dts acpi mmx fxsr sse sse2 ss ht tm pbe syscall nx rdtscp lm constant_tsc arch_perfmon pebs bts rep_good nopl xtopology nonstop_tsc aperfmperf eagerfpu pni pclmulqdq dtes64 monitor ds_cpl vmx est tm2 ssse3 cx16 xtpr pdcm pcid sse4_1 sse4_2 x2apic popcnt tsc_deadline_timer xsave avx f16c rdrand lahf_lm ida arat epb xsaveopt pln pts dtherm tpr_shadow vnmi flexpriority ept vpid fsgsbase smep erms
bogomips	: 3591.88
clflush size	: 64
cache_alignment	: 64
address sizes	: 36 bits physical, 48 bits virtual
power management:

processor	: 3
vendor_id	: GenuineIntel
cpu family	: 6
model		: 58
model name	: Intel(R) Core(TM) i5-3337U CPU @ 1.80GHz
stepping	: 9
microcode	: 0x17
cpu MHz		: 774.000
cache size	: 3072 KB
physical id	: 0
siblings	: 4
core id		: 1
cpu cores	: 2
apicid		: 3
initial apicid	: 3
fpu		: yes
fpu_exception	: yes
cpuid level	: 13
wp		: yes
flags		: fpu vme de pse tsc msr pae mce cx8 apic sep mtrr pge mca cmov pat pse36 clflush dts acpi mmx fxsr sse sse2 ss ht tm pbe syscall nx rdtscp lm constant_tsc arch_perfmon pebs bts rep_good nopl xtopology nonstop_tsc aperfmperf eagerfpu pni pclmulqdq dtes64 monitor ds_cpl vmx est tm2 ssse3 cx16 xtpr pdcm pcid sse4_1 sse4_2 x2apic popcnt tsc_deadline_timer xsave avx f16c rdrand lahf_lm ida arat epb xsaveopt pln pts dtherm tpr_shadow vnmi flexpriority ept vpid fsgsbase smep erms
bogomips	: 3591.88
clflush size	: 64
cache_alignment	: 64
address sizes	: 36 bits physical, 48 bits virtual
power management:



Memory: 4k page, physical 3662508k(105536k free), swap 0k(0k free)

vm_info: Java HotSpot(TM) 64-Bit Server VM (25.40-b25) for linux-amd64 JRE (1.8.0_40-b25), built on Feb 10 2015 21:29:53 by "java_re" with gcc 4.3.0 20080428 (Red Hat 4.3.0-8)

time: Sat Oct  3 17:22:02 2015
elapsed time: 5 seconds (0d 0h 0m 5s)

